This file contains any messages produced by compilers while
running configure, to aid debugging if configure makes a mistake.

It was created by searchmonkey configure 0.8.3, which was
generated by GNU Autoconf 2.71.  Invocation command line was

  $ ./configure --no-create --no-recursion

## --------- ##
## Platform. ##
## --------- ##

hostname = Arkaida
uname -m = x86_64
uname -r = 6.5.0-acso
uname -s = Linux
uname -v = #1 SMP PREEMPT_DYNAMIC Tue Aug 29 16:15:44 PDT 2023

/usr/bin/uname -p = x86_64
/bin/uname -X     = unknown

/bin/arch              = x86_64
/usr/bin/arch -k       = unknown
/usr/convex/getsysinfo = unknown
/usr/bin/hostinfo      = unknown
/bin/machine           = unknown
/usr/bin/oslevel       = unknown
/bin/universe          = unknown

PATH: /home/bbaker/.local/bin/
PATH: /home/bbaker/.local/bin/
PATH: /home/bbaker/bin/
PATH: /home/bbaker/.local/bin/
PATH: /home/bbaker/.local/bin/
PATH: /home/bbaker/bin/
PATH: /usr/local/sbin/
PATH: /usr/local/bin/
PATH: /usr/sbin/
PATH: /usr/bin/
PATH: /sbin/
PATH: /bin/
PATH: /usr/games/
PATH: /usr/local/games/
PATH: /snap/bin/
PATH: /snap/bin/
PATH: /usr/local/go/bin/
PATH: /usr/local/go/bin/


## ----------- ##
## Core tests. ##
## ----------- ##

configure:2736: looking for aux files: config.guess config.sub compile missing install-sh
configure:2749:  trying ./
configure:2778:   ./compile found
configure:2778:   ./missing found
configure:2760:   ./install-sh found
configure:2749:  trying ./../
configure:2749:  trying ./../../
configure:2802: error: cannot find required auxiliary files: config.guess config.sub

## ---------------- ##
## Cache variables. ##
## ---------------- ##

ac_cv_env_CCC_set=
ac_cv_env_CCC_value=
ac_cv_env_CC_set=
ac_cv_env_CC_value=
ac_cv_env_CFLAGS_set=
ac_cv_env_CFLAGS_value=
ac_cv_env_CPPFLAGS_set=
ac_cv_env_CPPFLAGS_value=
ac_cv_env_CXXFLAGS_set=
ac_cv_env_CXXFLAGS_value=
ac_cv_env_CXX_set=
ac_cv_env_CXX_value=
ac_cv_env_LDFLAGS_set=
ac_cv_env_LDFLAGS_value=
ac_cv_env_LIBS_set=
ac_cv_env_LIBS_value=
ac_cv_env_PACKAGE_CFLAGS_set=
ac_cv_env_PACKAGE_CFLAGS_value=
ac_cv_env_PACKAGE_LIBS_set=
ac_cv_env_PACKAGE_LIBS_value=
ac_cv_env_PKG_CONFIG_LIBDIR_set=
ac_cv_env_PKG_CONFIG_LIBDIR_value=
ac_cv_env_PKG_CONFIG_PATH_set=
ac_cv_env_PKG_CONFIG_PATH_value=
ac_cv_env_PKG_CONFIG_set=
ac_cv_env_PKG_CONFIG_value=
ac_cv_env_build_alias_set=
ac_cv_env_build_alias_value=
ac_cv_env_host_alias_set=
ac_cv_env_host_alias_value=
ac_cv_env_target_alias_set=
ac_cv_env_target_alias_value=

## ----------------- ##
## Output variables. ##
## ----------------- ##

ACLOCAL=''
ALL_LINGUAS=''
AMDEPBACKSLASH=''
AMDEP_FALSE=''
AMDEP_TRUE=''
AMTAR=''
AM_BACKSLASH=''
AM_DEFAULT_V=''
AM_DEFAULT_VERBOSITY=''
AM_V=''
AUTOCONF=''
AUTOHEADER=''
AUTOMAKE=''
AWK=''
CATALOGS=''
CATOBJEXT=''
CC=''
CCDEPMODE=''
CFLAGS=''
CPPFLAGS=''
CXX=''
CXXDEPMODE=''
CXXFLAGS=''
CYGPATH_W=''
DATADIRNAME=''
DEFS=''
DEPDIR=''
ECHO_C=''
ECHO_N='-n'
ECHO_T=''
EGREP=''
EXEEXT=''
GETTEXT_PACKAGE=''
GMOFILES=''
GMSGFMT=''
GREP=''
INSTALL_DATA=''
INSTALL_PROGRAM=''
INSTALL_SCRIPT=''
INSTALL_STRIP_PROGRAM=''
INSTOBJEXT=''
INTLLIBS=''
INTLTOOL_CAVES_RULE=''
INTLTOOL_DESKTOP_RULE=''
INTLTOOL_DIRECTORY_RULE=''
INTLTOOL_EXTRACT=''
INTLTOOL_KBD_RULE=''
INTLTOOL_KEYS_RULE=''
INTLTOOL_MERGE=''
INTLTOOL_OAF_RULE=''
INTLTOOL_PERL=''
INTLTOOL_POLICY_RULE=''
INTLTOOL_PONG_RULE=''
INTLTOOL_PROP_RULE=''
INTLTOOL_SCHEMAS_RULE=''
INTLTOOL_SERVER_RULE=''
INTLTOOL_SERVICE_RULE=''
INTLTOOL_SHEET_RULE=''
INTLTOOL_SOUNDLIST_RULE=''
INTLTOOL_THEME_RULE=''
INTLTOOL_UI_RULE=''
INTLTOOL_UPDATE=''
INTLTOOL_V_MERGE=''
INTLTOOL_V_MERGE_OPTIONS=''
INTLTOOL_XAM_RULE=''
INTLTOOL_XML_NOMERGE_RULE=''
INTLTOOL_XML_RULE=''
INTLTOOL__v_MERGE_0=''
INTLTOOL__v_MERGE_=''
LDFLAGS=''
LIBOBJS=''
LIBS=''
LTLIBOBJS=''
MAINT=''
MAINTAINER_MODE_FALSE=''
MAINTAINER_MODE_TRUE=''
MAKEINFO=''
MKDIR_P=''
MKINSTALLDIRS=''
MSGFMT=''
MSGFMT_OPTS=''
MSGMERGE=''
OBJEXT=''
PACKAGE=''
PACKAGE_BUGREPORT=''
PACKAGE_CFLAGS=''
PACKAGE_LIBS=''
PACKAGE_NAME='searchmonkey'
PACKAGE_STRING='searchmonkey 0.8.3'
PACKAGE_TARNAME='searchmonkey'
PACKAGE_URL=''
PACKAGE_VERSION='0.8.3'
PATH_SEPARATOR=':'
PKG_CONFIG=''
PKG_CONFIG_LIBDIR=''
PKG_CONFIG_PATH=''
POFILES=''
POSUB=''
POW_LIB=''
PO_IN_DATADIR_FALSE=''
PO_IN_DATADIR_TRUE=''
SET_MAKE=''
SHELL='/bin/bash'
STRIP=''
USE_NLS=''
VERSION=''
XGETTEXT=''
ac_ct_CC=''
ac_ct_CXX=''
am__EXEEXT_FALSE=''
am__EXEEXT_TRUE=''
am__fastdepCC_FALSE=''
am__fastdepCC_TRUE=''
am__fastdepCXX_FALSE=''
am__fastdepCXX_TRUE=''
am__include=''
am__isrc=''
am__leading_dot=''
am__nodep=''
am__quote=''
am__tar=''
am__untar=''
bindir='${exec_prefix}/bin'
build=''
build_alias=''
build_cpu=''
build_os=''
build_vendor=''
datadir='${datarootdir}'
datarootdir='${prefix}/share'
docdir='${datarootdir}/doc/${PACKAGE_TARNAME}'
dvidir='${docdir}'
exec_prefix='NONE'
host=''
host_alias=''
host_cpu=''
host_os=''
host_vendor=''
htmldir='${docdir}'
includedir='${prefix}/include'
infodir='${datarootdir}/info'
install_sh=''
intltool__v_merge_options_0=''
intltool__v_merge_options_=''
libdir='${exec_prefix}/lib'
libexecdir='${exec_prefix}/libexec'
localedir='${datarootdir}/locale'
localstatedir='${prefix}/var'
mandir='${datarootdir}/man'
mkdir_p=''
oldincludedir='/usr/include'
pdfdir='${docdir}'
prefix='NONE'
program_transform_name='s,x,x,'
psdir='${docdir}'
runstatedir='${localstatedir}/run'
sbindir='${exec_prefix}/sbin'
sharedstatedir='${prefix}/com'
sysconfdir='${prefix}/etc'
target_alias=''

## ----------- ##
## confdefs.h. ##
## ----------- ##

/* confdefs.h */
#define PACKAGE_NAME "searchmonkey"
#define PACKAGE_TARNAME "searchmonkey"
#define PACKAGE_VERSION "0.8.3"
#define PACKAGE_STRING "searchmonkey 0.8.3"
#define PACKAGE_BUGREPORT ""
#define PACKAGE_URL ""

configure: exit 1
